{"timestamp":"2026-04-24T15:20:49.615Z","scope":"workflow","event":"run.queued","workflowKind":"quiz_generation","workflowRunId":"f88fdaa2-114e-44d6-9eda-f4140226345d","bookId":"book-1","chapterId":"chapter-1","chapterIndex":1,"workflowVersion":"v1","idempotencyKey":"quiz:v1:book-1:chapter-1:f936c64c3801d6df656431d9048fdbf1f71347e3dfe62277f4c73392707c68e8"}
{"timestamp":"2026-04-24T15:20:49.615Z","scope":"workflow","event":"run.running","workflowKind":"quiz_generation","workflowRunId":"f88fdaa2-114e-44d6-9eda-f4140226345d","bookId":"book-1","chapterId":"chapter-1","chapterIndex":1,"workflowVersion":"v1","startedAt":"2026-04-24T15:20:49.615Z"}
{"timestamp":"2026-04-24T15:20:49.615Z","scope":"workflow","event":"run.submitted","workflowKind":"quiz_generation","workflowRunId":"f88fdaa2-114e-44d6-9eda-f4140226345d","bookId":"book-1","chapterId":"chapter-1","chapterIndex":1,"workflowVersion":"v1","deduped":false,"status":"queued"}
{"timestamp":"2026-04-24T15:20:49.615Z","scope":"workflow","event":"run.deduped","workflowKind":"quiz_generation","workflowRunId":"f88fdaa2-114e-44d6-9eda-f4140226345d","dedupedWorkflowRunId":"f88fdaa2-114e-44d6-9eda-f4140226345d","bookId":"book-1","chapterId":"chapter-1","chapterIndex":1,"workflowVersion":"v1","idempotencyKey":"quiz:v1:book-1:chapter-1:f936c64c3801d6df656431d9048fdbf1f71347e3dfe62277f4c73392707c68e8","status":"running"}
{"timestamp":"2026-04-24T15:20:49.615Z","scope":"workflow","event":"run.submitted","workflowKind":"quiz_generation","workflowRunId":"f88fdaa2-114e-44d6-9eda-f4140226345d","bookId":"book-1","chapterId":"chapter-1","chapterIndex":1,"workflowVersion":"v1","deduped":true,"status":"running"}
{"timestamp":"2026-04-24T15:20:49.615Z","scope":"workflow","event":"request.parsed","workflowKind":"knowledge_extraction","bookId":"book-1","chapterId":"chapter-1","chapterIndex":1,"workflowVersion":"v1","hasIdempotencyKey":false}
{"timestamp":"2026-04-24T15:20:49.615Z","scope":"workflow","event":"run.queued","workflowKind":"knowledge_extraction","workflowRunId":"622d7491-6650-4f68-8cbb-2da453532a45","bookId":"book-1","chapterId":"chapter-1","chapterIndex":1,"workflowVersion":"v1","idempotencyKey":"knowledge-extraction:v1:book-1:chapter-1:f936c64c3801d6df656431d9048fdbf1f71347e3dfe62277f4c73392707c68e8"}
{"timestamp":"2026-04-24T15:20:49.615Z","scope":"workflow","event":"run.running","workflowKind":"knowledge_extraction","workflowRunId":"622d7491-6650-4f68-8cbb-2da453532a45","bookId":"book-1","chapterId":"chapter-1","chapterIndex":1,"workflowVersion":"v1","startedAt":"2026-04-24T15:20:49.615Z"}
{"timestamp":"2026-04-24T15:20:49.615Z","scope":"workflow","event":"run.submitted","workflowKind":"knowledge_extraction","workflowRunId":"622d7491-6650-4f68-8cbb-2da453532a45","bookId":"book-1","chapterId":"chapter-1","chapterIndex":1,"workflowVersion":"v1","deduped":false,"status":"queued"}
{"timestamp":"2026-04-24T15:20:49.616Z","scope":"workflow","event":"run.completed","workflowKind":"quiz_generation","workflowRunId":"f88fdaa2-114e-44d6-9eda-f4140226345d","bookId":"book-1","chapterId":"chapter-1","chapterIndex":1,"workflowVersion":"v1","snapshotVersion":11,"chapterContentHash":"f936c64c3801d6df656431d9048fdbf1f71347e3dfe62277f4c73392707c68e8","resultQuestionCount":1,"completedAt":"2026-04-24T15:20:49.616Z"}
{"timestamp":"2026-04-24T15:20:49.616Z","scope":"workflow","event":"run.completed","workflowKind":"knowledge_extraction","workflowRunId":"622d7491-6650-4f68-8cbb-2da453532a45","bookId":"book-1","chapterId":"chapter-1","chapterIndex":1,"workflowVersion":"v1","snapshotVersion":11,"chapterContentHash":"f936c64c3801d6df656431d9048fdbf1f71347e3dfe62277f4c73392707c68e8","peopleCount":0,"ideaCount":0,"eventCount":0,"entityCount":0,"themeCount":0,"relationCount":0,"completedAt":"2026-04-24T15:20:49.616Z"}
{"timestamp":"2026-04-24T15:32:50.495Z","scope":"workflow","event":"latest_result.read_miss","workflowKind":"quiz_generation","bookId":"7F06D639-5F68-4EAC-9719-509F4ADA1B83","chapterId":"4"}
{"timestamp":"2026-04-24T15:32:50.498Z","scope":"workflow","event":"latest_result.read_miss","workflowKind":"knowledge_extraction","bookId":"7F06D639-5F68-4EAC-9719-509F4ADA1B83","chapterId":"4"}
{"timestamp":"2026-04-24T15:32:50.756Z","scope":"workflow","event":"request.parsed","workflowKind":"knowledge_extraction","bookId":"7F06D639-5F68-4EAC-9719-509F4ADA1B83","chapterId":"4","chapterIndex":4,"workflowVersion":"v1","hasIdempotencyKey":false,"expectedSnapshotVersion":32,"expectedChapterContentHash":"7653985136fd6d985c43e2939f8953327a2896583cb2027bc5e52ea8c750022b"}
{"timestamp":"2026-04-24T15:32:50.758Z","scope":"workflow","event":"run.queued","workflowKind":"knowledge_extraction","workflowRunId":"89406a79-348d-4706-9fea-ce0aa25b8938","bookId":"7F06D639-5F68-4EAC-9719-509F4ADA1B83","chapterId":"4","chapterIndex":4,"workflowVersion":"v1","idempotencyKey":"knowledge-extraction:v1:7F06D639-5F68-4EAC-9719-509F4ADA1B83:4:7653985136fd6d985c43e2939f8953327a2896583cb2027bc5e52ea8c750022b"}
{"timestamp":"2026-04-24T15:32:50.758Z","scope":"workflow","event":"run.running","workflowKind":"knowledge_extraction","workflowRunId":"89406a79-348d-4706-9fea-ce0aa25b8938","bookId":"7F06D639-5F68-4EAC-9719-509F4ADA1B83","chapterId":"4","chapterIndex":4,"workflowVersion":"v1","startedAt":"2026-04-24T15:32:50.758Z"}
{"timestamp":"2026-04-24T15:32:50.759Z","scope":"workflow","event":"run.submitted","workflowKind":"knowledge_extraction","workflowRunId":"89406a79-348d-4706-9fea-ce0aa25b8938","bookId":"7F06D639-5F68-4EAC-9719-509F4ADA1B83","chapterId":"4","chapterIndex":4,"workflowVersion":"v1","deduped":false,"status":"queued"}
{"timestamp":"2026-04-24T15:32:50.760Z","scope":"workflow","event":"run.failed","workflowKind":"knowledge_extraction","workflowRunId":"89406a79-348d-4706-9fea-ce0aa25b8938","bookId":"7F06D639-5F68-4EAC-9719-509F4ADA1B83","chapterId":"4","chapterIndex":4,"workflowVersion":"v1","errorCode":"KNOWLEDGE_EXTRACTION_GENERATION_FAILED","errorMessage":"ENOENT: no such file or directory, open '/Users/darth_sky/AI-Reading-Assistant/Reading-Assistant/prompts/v1/knowledge_extraction.txt'","completedAt":"2026-04-24T15:32:50.760Z"}
{"timestamp":"2026-04-24T15:32:50.790Z","scope":"workflow","event":"latest_result.read_miss","workflowKind":"knowledge_extraction","bookId":"7F06D639-5F68-4EAC-9719-509F4ADA1B83","chapterId":"4"}
{"timestamp":"2026-04-24T15:32:50.795Z","scope":"workflow","event":"status.read_hit","workflowKind":"knowledge_extraction","workflowRunId":"89406a79-348d-4706-9fea-ce0aa25b8938","bookId":"7F06D639-5F68-4EAC-9719-509F4ADA1B83","chapterId":"4","status":"failed","resultAvailable":false}
{"timestamp":"2026-04-24T15:41:15.673Z","scope":"workflow","event":"latest_result.read_miss","workflowKind":"quiz_generation","bookId":"7F06D639-5F68-4EAC-9719-509F4ADA1B83","chapterId":"4"}
{"timestamp":"2026-04-24T15:41:15.677Z","scope":"workflow","event":"latest_result.read_miss","workflowKind":"knowledge_extraction","bookId":"7F06D639-5F68-4EAC-9719-509F4ADA1B83","chapterId":"4"}
{"timestamp":"2026-04-24T15:41:15.718Z","scope":"workflow","event":"request.parsed","workflowKind":"knowledge_extraction","bookId":"7F06D639-5F68-4EAC-9719-509F4ADA1B83","chapterId":"4","chapterIndex":4,"workflowVersion":"v1","hasIdempotencyKey":false,"expectedSnapshotVersion":32,"expectedChapterContentHash":"7653985136fd6d985c43e2939f8953327a2896583cb2027bc5e52ea8c750022b"}
{"timestamp":"2026-04-24T15:41:15.719Z","scope":"workflow","event":"run.queued","workflowKind":"knowledge_extraction","workflowRunId":"a1df5d36-5b7f-4aef-9d2f-dc4c5f1ddba8","bookId":"7F06D639-5F68-4EAC-9719-509F4ADA1B83","chapterId":"4","chapterIndex":4,"workflowVersion":"v1","idempotencyKey":"knowledge-extraction:v1:7F06D639-5F68-4EAC-9719-509F4ADA1B83:4:7653985136fd6d985c43e2939f8953327a2896583cb2027bc5e52ea8c750022b"}
{"timestamp":"2026-04-24T15:41:15.719Z","scope":"workflow","event":"run.running","workflowKind":"knowledge_extraction","workflowRunId":"a1df5d36-5b7f-4aef-9d2f-dc4c5f1ddba8","bookId":"7F06D639-5F68-4EAC-9719-509F4ADA1B83","chapterId":"4","chapterIndex":4,"workflowVersion":"v1","startedAt":"2026-04-24T15:41:15.719Z"}
{"timestamp":"2026-04-24T15:41:15.719Z","scope":"workflow","event":"run.submitted","workflowKind":"knowledge_extraction","workflowRunId":"a1df5d36-5b7f-4aef-9d2f-dc4c5f1ddba8","bookId":"7F06D639-5F68-4EAC-9719-509F4ADA1B83","chapterId":"4","chapterIndex":4,"workflowVersion":"v1","deduped":false,"status":"queued"}
{"timestamp":"2026-04-24T15:41:16.064Z","scope":"workflow","event":"latest_result.read_miss","workflowKind":"knowledge_extraction","bookId":"7F06D639-5F68-4EAC-9719-509F4ADA1B83","chapterId":"4"}
{"timestamp":"2026-04-24T15:41:16.086Z","scope":"workflow","event":"status.read_hit","workflowKind":"knowledge_extraction","workflowRunId":"a1df5d36-5b7f-4aef-9d2f-dc4c5f1ddba8","bookId":"7F06D639-5F68-4EAC-9719-509F4ADA1B83","chapterId":"4","status":"running","resultAvailable":false}
{"timestamp":"2026-04-24T15:41:18.151Z","scope":"workflow","event":"latest_result.read_miss","workflowKind":"knowledge_extraction","bookId":"7F06D639-5F68-4EAC-9719-509F4ADA1B83","chapterId":"4"}
{"timestamp":"2026-04-24T15:41:18.174Z","scope":"workflow","event":"status.read_hit","workflowKind":"knowledge_extraction","workflowRunId":"a1df5d36-5b7f-4aef-9d2f-dc4c5f1ddba8","bookId":"7F06D639-5F68-4EAC-9719-509F4ADA1B83","chapterId":"4","status":"running","resultAvailable":false}
{"timestamp":"2026-04-24T15:41:21.241Z","scope":"workflow","event":"latest_result.read_miss","workflowKind":"knowledge_extraction","bookId":"7F06D639-5F68-4EAC-9719-509F4ADA1B83","chapterId":"4"}
{"timestamp":"2026-04-24T15:41:21.249Z","scope":"workflow","event":"status.read_hit","workflowKind":"knowledge_extraction","workflowRunId":"a1df5d36-5b7f-4aef-9d2f-dc4c5f1ddba8","bookId":"7F06D639-5F68-4EAC-9719-509F4ADA1B83","chapterId":"4","status":"running","resultAvailable":false}
{"timestamp":"2026-04-24T15:41:26.302Z","scope":"workflow","event":"latest_result.read_miss","workflowKind":"knowledge_extraction","bookId":"7F06D639-5F68-4EAC-9719-509F4ADA1B83","chapterId":"4"}
{"timestamp":"2026-04-24T15:41:26.314Z","scope":"workflow","event":"status.read_hit","workflowKind":"knowledge_extraction","workflowRunId":"a1df5d36-5b7f-4aef-9d2f-dc4c5f1ddba8","bookId":"7F06D639-5F68-4EAC-9719-509F4ADA1B83","chapterId":"4","status":"running","resultAvailable":false}
{"timestamp":"2026-04-24T15:41:31.381Z","scope":"workflow","event":"latest_result.read_miss","workflowKind":"knowledge_extraction","bookId":"7F06D639-5F68-4EAC-9719-509F4ADA1B83","chapterId":"4"}
{"timestamp":"2026-04-24T15:41:31.391Z","scope":"workflow","event":"status.read_hit","workflowKind":"knowledge_extraction","workflowRunId":"a1df5d36-5b7f-4aef-9d2f-dc4c5f1ddba8","bookId":"7F06D639-5F68-4EAC-9719-509F4ADA1B83","chapterId":"4","status":"running","resultAvailable":false}
{"timestamp":"2026-04-24T15:41:36.441Z","scope":"workflow","event":"latest_result.read_miss","workflowKind":"knowledge_extraction","bookId":"7F06D639-5F68-4EAC-9719-509F4ADA1B83","chapterId":"4"}
{"timestamp":"2026-04-24T15:41:36.452Z","scope":"workflow","event":"status.read_hit","workflowKind":"knowledge_extraction","workflowRunId":"a1df5d36-5b7f-4aef-9d2f-dc4c5f1ddba8","bookId":"7F06D639-5F68-4EAC-9719-509F4ADA1B83","chapterId":"4","status":"running","resultAvailable":false}
{"timestamp":"2026-04-24T15:41:41.498Z","scope":"workflow","event":"latest_result.read_miss","workflowKind":"knowledge_extraction","bookId":"7F06D639-5F68-4EAC-9719-509F4ADA1B83","chapterId":"4"}
{"timestamp":"2026-04-24T15:41:41.511Z","scope":"workflow","event":"status.read_hit","workflowKind":"knowledge_extraction","workflowRunId":"a1df5d36-5b7f-4aef-9d2f-dc4c5f1ddba8","bookId":"7F06D639-5F68-4EAC-9719-509F4ADA1B83","chapterId":"4","status":"running","resultAvailable":false}
{"timestamp":"2026-04-24T15:41:46.536Z","scope":"workflow","event":"latest_result.read_miss","workflowKind":"knowledge_extraction","bookId":"7F06D639-5F68-4EAC-9719-509F4ADA1B83","chapterId":"4"}
{"timestamp":"2026-04-24T15:41:46.548Z","scope":"workflow","event":"status.read_hit","workflowKind":"knowledge_extraction","workflowRunId":"a1df5d36-5b7f-4aef-9d2f-dc4c5f1ddba8","bookId":"7F06D639-5F68-4EAC-9719-509F4ADA1B83","chapterId":"4","status":"running","resultAvailable":false}
{"timestamp":"2026-04-24T15:41:51.582Z","scope":"workflow","event":"latest_result.read_miss","workflowKind":"knowledge_extraction","bookId":"7F06D639-5F68-4EAC-9719-509F4ADA1B83","chapterId":"4"}
{"timestamp":"2026-04-24T15:41:51.592Z","scope":"workflow","event":"status.read_hit","workflowKind":"knowledge_extraction","workflowRunId":"a1df5d36-5b7f-4aef-9d2f-dc4c5f1ddba8","bookId":"7F06D639-5F68-4EAC-9719-509F4ADA1B83","chapterId":"4","status":"running","resultAvailable":false}
{"timestamp":"2026-04-24T15:41:56.623Z","scope":"workflow","event":"latest_result.read_miss","workflowKind":"knowledge_extraction","bookId":"7F06D639-5F68-4EAC-9719-509F4ADA1B83","chapterId":"4"}
{"timestamp":"2026-04-24T15:41:56.632Z","scope":"workflow","event":"status.read_hit","workflowKind":"knowledge_extraction","workflowRunId":"a1df5d36-5b7f-4aef-9d2f-dc4c5f1ddba8","bookId":"7F06D639-5F68-4EAC-9719-509F4ADA1B83","chapterId":"4","status":"running","resultAvailable":false}
{"timestamp":"2026-04-24T15:42:01.674Z","scope":"workflow","event":"latest_result.read_miss","workflowKind":"knowledge_extraction","bookId":"7F06D639-5F68-4EAC-9719-509F4ADA1B83","chapterId":"4"}
{"timestamp":"2026-04-24T15:42:01.687Z","scope":"workflow","event":"status.read_hit","workflowKind":"knowledge_extraction","workflowRunId":"a1df5d36-5b7f-4aef-9d2f-dc4c5f1ddba8","bookId":"7F06D639-5F68-4EAC-9719-509F4ADA1B83","chapterId":"4","status":"running","resultAvailable":false}
{"timestamp":"2026-04-24T15:42:02.288Z","scope":"workflow","event":"run.completed","workflowKind":"knowledge_extraction","workflowRunId":"a1df5d36-5b7f-4aef-9d2f-dc4c5f1ddba8","bookId":"7F06D639-5F68-4EAC-9719-509F4ADA1B83","chapterId":"4","chapterIndex":4,"workflowVersion":"v1","snapshotVersion":32,"chapterContentHash":"7653985136fd6d985c43e2939f8953327a2896583cb2027bc5e52ea8c750022b","peopleCount":13,"ideaCount":14,"eventCount":5,"entityCount":8,"themeCount":6,"relationCount":10,"completedAt":"2026-04-24T15:42:02.288Z"}
{"timestamp":"2026-04-24T15:42:06.726Z","scope":"workflow","event":"latest_result.read_hit","workflowKind":"knowledge_extraction","workflowRunId":"a1df5d36-5b7f-4aef-9d2f-dc4c5f1ddba8","bookId":"7F06D639-5F68-4EAC-9719-509F4ADA1B83","chapterId":"4","chapterIndex":4,"workflowVersion":"v1","snapshotVersion":32}
{"timestamp":"2026-04-24T15:55:03.482Z","scope":"workflow","event":"latest_result.read_miss","workflowKind":"quiz_generation","bookId":"7F06D639-5F68-4EAC-9719-509F4ADA1B83","chapterId":"4"}
{"timestamp":"2026-04-24T15:55:03.517Z","scope":"workflow","event":"request.parsed","workflowKind":"quiz_generation","bookId":"7F06D639-5F68-4EAC-9719-509F4ADA1B83","chapterId":"4","chapterIndex":4,"workflowVersion":"v1","hasIdempotencyKey":false}
{"timestamp":"2026-04-24T15:55:03.518Z","scope":"workflow","event":"run.queued","workflowKind":"quiz_generation","workflowRunId":"7a4f26c5-a3e2-4113-a258-e3d51201ebd4","bookId":"7F06D639-5F68-4EAC-9719-509F4ADA1B83","chapterId":"4","chapterIndex":4,"workflowVersion":"v1","idempotencyKey":"quiz:v1:7F06D639-5F68-4EAC-9719-509F4ADA1B83:4:7653985136fd6d985c43e2939f8953327a2896583cb2027bc5e52ea8c750022b"}
{"timestamp":"2026-04-24T15:55:03.519Z","scope":"workflow","event":"run.running","workflowKind":"quiz_generation","workflowRunId":"7a4f26c5-a3e2-4113-a258-e3d51201ebd4","bookId":"7F06D639-5F68-4EAC-9719-509F4ADA1B83","chapterId":"4","chapterIndex":4,"workflowVersion":"v1","startedAt":"2026-04-24T15:55:03.519Z"}
{"timestamp":"2026-04-24T15:55:03.520Z","scope":"workflow","event":"run.submitted","workflowKind":"quiz_generation","workflowRunId":"7a4f26c5-a3e2-4113-a258-e3d51201ebd4","bookId":"7F06D639-5F68-4EAC-9719-509F4ADA1B83","chapterId":"4","chapterIndex":4,"workflowVersion":"v1","deduped":false,"status":"queued"}
{"timestamp":"2026-04-24T15:55:03.565Z","scope":"workflow","event":"status.read_hit","workflowKind":"quiz_generation","workflowRunId":"7a4f26c5-a3e2-4113-a258-e3d51201ebd4","bookId":"7F06D639-5F68-4EAC-9719-509F4ADA1B83","chapterId":"4","status":"running","resultAvailable":false}
{"timestamp":"2026-04-24T15:55:04.327Z","scope":"workflow","event":"status.read_hit","workflowKind":"quiz_generation","workflowRunId":"7a4f26c5-a3e2-4113-a258-e3d51201ebd4","bookId":"7F06D639-5F68-4EAC-9719-509F4ADA1B83","chapterId":"4","status":"running","resultAvailable":false}
{"timestamp":"2026-04-24T15:55:05.091Z","scope":"workflow","event":"status.read_hit","workflowKind":"quiz_generation","workflowRunId":"7a4f26c5-a3e2-4113-a258-e3d51201ebd4","bookId":"7F06D639-5F68-4EAC-9719-509F4ADA1B83","chapterId":"4","status":"running","resultAvailable":false}
{"timestamp":"2026-04-24T15:55:05.869Z","scope":"workflow","event":"status.read_hit","workflowKind":"quiz_generation","workflowRunId":"7a4f26c5-a3e2-4113-a258-e3d51201ebd4","bookId":"7F06D639-5F68-4EAC-9719-509F4ADA1B83","chapterId":"4","status":"running","resultAvailable":false}
{"timestamp":"2026-04-24T15:55:06.653Z","scope":"workflow","event":"status.read_hit","workflowKind":"quiz_generation","workflowRunId":"7a4f26c5-a3e2-4113-a258-e3d51201ebd4","bookId":"7F06D639-5F68-4EAC-9719-509F4ADA1B83","chapterId":"4","status":"running","resultAvailable":false}
{"timestamp":"2026-04-24T15:55:07.436Z","scope":"workflow","event":"status.read_hit","workflowKind":"quiz_generation","workflowRunId":"7a4f26c5-a3e2-4113-a258-e3d51201ebd4","bookId":"7F06D639-5F68-4EAC-9719-509F4ADA1B83","chapterId":"4","status":"running","resultAvailable":false}
{"timestamp":"2026-04-24T15:55:08.236Z","scope":"workflow","event":"status.read_hit","workflowKind":"quiz_generation","workflowRunId":"7a4f26c5-a3e2-4113-a258-e3d51201ebd4","bookId":"7F06D639-5F68-4EAC-9719-509F4ADA1B83","chapterId":"4","status":"running","resultAvailable":false}
{"timestamp":"2026-04-24T15:55:09.023Z","scope":"workflow","event":"status.read_hit","workflowKind":"quiz_generation","workflowRunId":"7a4f26c5-a3e2-4113-a258-e3d51201ebd4","bookId":"7F06D639-5F68-4EAC-9719-509F4ADA1B83","chapterId":"4","status":"running","resultAvailable":false}
{"timestamp":"2026-04-24T15:55:09.778Z","scope":"workflow","event":"status.read_hit","workflowKind":"quiz_generation","workflowRunId":"7a4f26c5-a3e2-4113-a258-e3d51201ebd4","bookId":"7F06D639-5F68-4EAC-9719-509F4ADA1B83","chapterId":"4","status":"running","resultAvailable":false}
{"timestamp":"2026-04-24T15:55:10.544Z","scope":"workflow","event":"status.read_hit","workflowKind":"quiz_generation","workflowRunId":"7a4f26c5-a3e2-4113-a258-e3d51201ebd4","bookId":"7F06D639-5F68-4EAC-9719-509F4ADA1B83","chapterId":"4","status":"running","resultAvailable":false}
{"timestamp":"2026-04-24T15:55:11.336Z","scope":"workflow","event":"status.read_hit","workflowKind":"quiz_generation","workflowRunId":"7a4f26c5-a3e2-4113-a258-e3d51201ebd4","bookId":"7F06D639-5F68-4EAC-9719-509F4ADA1B83","chapterId":"4","status":"running","resultAvailable":false}
{"timestamp":"2026-04-24T15:55:12.104Z","scope":"workflow","event":"status.read_hit","workflowKind":"quiz_generation","workflowRunId":"7a4f26c5-a3e2-4113-a258-e3d51201ebd4","bookId":"7F06D639-5F68-4EAC-9719-509F4ADA1B83","chapterId":"4","status":"running","resultAvailable":false}
{"timestamp":"2026-04-24T15:55:12.868Z","scope":"workflow","event":"status.read_hit","workflowKind":"quiz_generation","workflowRunId":"7a4f26c5-a3e2-4113-a258-e3d51201ebd4","bookId":"7F06D639-5F68-4EAC-9719-509F4ADA1B83","chapterId":"4","status":"running","resultAvailable":false}
{"timestamp":"2026-04-24T15:55:13.661Z","scope":"workflow","event":"status.read_hit","workflowKind":"quiz_generation","workflowRunId":"7a4f26c5-a3e2-4113-a258-e3d51201ebd4","bookId":"7F06D639-5F68-4EAC-9719-509F4ADA1B83","chapterId":"4","status":"running","resultAvailable":false}
{"timestamp":"2026-04-24T15:55:14.444Z","scope":"workflow","event":"status.read_hit","workflowKind":"quiz_generation","workflowRunId":"7a4f26c5-a3e2-4113-a258-e3d51201ebd4","bookId":"7F06D639-5F68-4EAC-9719-509F4ADA1B83","chapterId":"4","status":"running","resultAvailable":false}
{"timestamp":"2026-04-24T15:55:15.235Z","scope":"workflow","event":"status.read_hit","workflowKind":"quiz_generation","workflowRunId":"7a4f26c5-a3e2-4113-a258-e3d51201ebd4","bookId":"7F06D639-5F68-4EAC-9719-509F4ADA1B83","chapterId":"4","status":"running","resultAvailable":false}
{"timestamp":"2026-04-24T15:55:16.010Z","scope":"workflow","event":"status.read_hit","workflowKind":"quiz_generation","workflowRunId":"7a4f26c5-a3e2-4113-a258-e3d51201ebd4","bookId":"7F06D639-5F68-4EAC-9719-509F4ADA1B83","chapterId":"4","status":"running","resultAvailable":false}
{"timestamp":"2026-04-24T15:55:16.800Z","scope":"workflow","event":"status.read_hit","workflowKind":"quiz_generation","workflowRunId":"7a4f26c5-a3e2-4113-a258-e3d51201ebd4","bookId":"7F06D639-5F68-4EAC-9719-509F4ADA1B83","chapterId":"4","status":"running","resultAvailable":false}
{"timestamp":"2026-04-24T15:55:17.591Z","scope":"workflow","event":"status.read_hit","workflowKind":"quiz_generation","workflowRunId":"7a4f26c5-a3e2-4113-a258-e3d51201ebd4","bookId":"7F06D639-5F68-4EAC-9719-509F4ADA1B83","chapterId":"4","status":"running","resultAvailable":false}
{"timestamp":"2026-04-24T15:55:18.387Z","scope":"workflow","event":"status.read_hit","workflowKind":"quiz_generation","workflowRunId":"7a4f26c5-a3e2-4113-a258-e3d51201ebd4","bookId":"7F06D639-5F68-4EAC-9719-509F4ADA1B83","chapterId":"4","status":"running","resultAvailable":false}
{"timestamp":"2026-04-24T15:55:19.163Z","scope":"workflow","event":"latest_result.read_miss","workflowKind":"quiz_generation","bookId":"7F06D639-5F68-4EAC-9719-509F4ADA1B83","chapterId":"4"}
{"timestamp":"2026-04-24T15:55:29.468Z","scope":"workflow","event":"run.completed","workflowKind":"quiz_generation","workflowRunId":"7a4f26c5-a3e2-4113-a258-e3d51201ebd4","bookId":"7F06D639-5F68-4EAC-9719-509F4ADA1B83","chapterId":"4","chapterIndex":4,"workflowVersion":"v1","snapshotVersion":32,"chapterContentHash":"7653985136fd6d985c43e2939f8953327a2896583cb2027bc5e52ea8c750022b","resultQuestionCount":4,"completedAt":"2026-04-24T15:55:29.468Z"}
{"timestamp":"2026-04-24T16:19:08.143Z","scope":"workflow","event":"latest_result.read_hit","workflowKind":"quiz_generation","workflowRunId":"7a4f26c5-a3e2-4113-a258-e3d51201ebd4","bookId":"7F06D639-5F68-4EAC-9719-509F4ADA1B83","chapterId":"4","chapterIndex":4,"workflowVersion":"v1","snapshotVersion":32}
{"timestamp":"2026-04-24T16:28:27.095Z","scope":"workflow","event":"latest_result.read_hit","workflowKind":"quiz_generation","workflowRunId":"7a4f26c5-a3e2-4113-a258-e3d51201ebd4","bookId":"7F06D639-5F68-4EAC-9719-509F4ADA1B83","chapterId":"4","chapterIndex":4,"workflowVersion":"v1","snapshotVersion":32}
